Analysis & Synthesis report for myFinal
Tue May 22 00:12:28 2018
Quartus II Version 9.1 Build 304 01/25/2010 Service Pack 1 SJ Web Edition


---------------------
; Table of Contents ;
---------------------
  1. Legal Notice
  2. Analysis & Synthesis Summary
  3. Analysis & Synthesis Settings
  4. Parallel Compilation
  5. Analysis & Synthesis Source Files Read
  6. Analysis & Synthesis Resource Usage Summary
  7. Analysis & Synthesis Resource Utilization by Entity
  8. State Machine - |myFinal|y
  9. Registers Removed During Synthesis
 10. General Register Statistics
 11. Multiplexer Restructuring Statistics (Restructuring Performed)
 12. Analysis & Synthesis Messages



----------------
; Legal Notice ;
----------------
Copyright (C) 1991-2010 Altera Corporation
Your use of Altera Corporation's design tools, logic functions 
and other software and tools, and its AMPP partner logic 
functions, and any output files from any of the foregoing 
(including device programming or simulation files), and any 
associated documentation or information are expressly subject 
to the terms and conditions of the Altera Program License 
Subscription Agreement, Altera MegaCore Function License 
Agreement, or other applicable license agreement, including, 
without limitation, that your use is for the sole purpose of 
programming logic devices manufactured by Altera and sold by 
Altera or its authorized distributors.  Please refer to the 
applicable agreement for further details.



+-----------------------------------------------------------------------------------+
; Analysis & Synthesis Summary                                                      ;
+------------------------------------+----------------------------------------------+
; Analysis & Synthesis Status        ; Successful - Tue May 22 00:12:28 2018        ;
; Quartus II Version                 ; 9.1 Build 304 01/25/2010 SP 1 SJ Web Edition ;
; Revision Name                      ; myFinal                                      ;
; Top-level Entity Name              ; myFinal                                      ;
; Family                             ; Cyclone II                                   ;
; Total logic elements               ; 130                                          ;
;     Total combinational functions  ; 129                                          ;
;     Dedicated logic registers      ; 24                                           ;
; Total registers                    ; 24                                           ;
; Total pins                         ; 49                                           ;
; Total virtual pins                 ; 0                                            ;
; Total memory bits                  ; 0                                            ;
; Embedded Multiplier 9-bit elements ; 0                                            ;
; Total PLLs                         ; 0                                            ;
+------------------------------------+----------------------------------------------+


+----------------------------------------------------------------------------------------------------------------------+
; Analysis & Synthesis Settings                                                                                        ;
+----------------------------------------------------------------------------+--------------------+--------------------+
; Option                                                                     ; Setting            ; Default Value      ;
+----------------------------------------------------------------------------+--------------------+--------------------+
; Device                                                                     ; EP2C20F484C7       ;                    ;
; Top-level entity name                                                      ; myFinal            ; myFinal            ;
; Family name                                                                ; Cyclone II         ; Stratix II         ;
; Use Generated Physical Constraints File                                    ; Off                ;                    ;
; Use smart compilation                                                      ; Off                ; Off                ;
; Enable parallel Assembler and TimeQuest Timing Analyzer during compilation ; On                 ; On                 ;
; Enable compact report table                                                ; Off                ; Off                ;
; Restructure Multiplexers                                                   ; Auto               ; Auto               ;
; Create Debugging Nodes for IP Cores                                        ; Off                ; Off                ;
; Preserve fewer node names                                                  ; On                 ; On                 ;
; Disable OpenCore Plus hardware evaluation                                  ; Off                ; Off                ;
; Verilog Version                                                            ; Verilog_2001       ; Verilog_2001       ;
; VHDL Version                                                               ; VHDL_1993          ; VHDL_1993          ;
; State Machine Processing                                                   ; Auto               ; Auto               ;
; Safe State Machine                                                         ; Off                ; Off                ;
; Extract Verilog State Machines                                             ; On                 ; On                 ;
; Extract VHDL State Machines                                                ; On                 ; On                 ;
; Ignore Verilog initial constructs                                          ; Off                ; Off                ;
; Iteration limit for constant Verilog loops                                 ; 5000               ; 5000               ;
; Iteration limit for non-constant Verilog loops                             ; 250                ; 250                ;
; Add Pass-Through Logic to Inferred RAMs                                    ; On                 ; On                 ;
; Parallel Synthesis                                                         ; On                 ; On                 ;
; DSP Block Balancing                                                        ; Auto               ; Auto               ;
; NOT Gate Push-Back                                                         ; On                 ; On                 ;
; Power-Up Don't Care                                                        ; On                 ; On                 ;
; Remove Redundant Logic Cells                                               ; Off                ; Off                ;
; Remove Duplicate Registers                                                 ; On                 ; On                 ;
; Ignore CARRY Buffers                                                       ; Off                ; Off                ;
; Ignore CASCADE Buffers                                                     ; Off                ; Off                ;
; Ignore GLOBAL Buffers                                                      ; Off                ; Off                ;
; Ignore ROW GLOBAL Buffers                                                  ; Off                ; Off                ;
; Ignore LCELL Buffers                                                       ; Off                ; Off                ;
; Ignore SOFT Buffers                                                        ; On                 ; On                 ;
; Limit AHDL Integers to 32 Bits                                             ; Off                ; Off                ;
; Optimization Technique                                                     ; Balanced           ; Balanced           ;
; Carry Chain Length                                                         ; 70                 ; 70                 ;
; Auto Carry Chains                                                          ; On                 ; On                 ;
; Auto Open-Drain Pins                                                       ; On                 ; On                 ;
; Perform WYSIWYG Primitive Resynthesis                                      ; Off                ; Off                ;
; Auto ROM Replacement                                                       ; On                 ; On                 ;
; Auto RAM Replacement                                                       ; On                 ; On                 ;
; Auto Shift Register Replacement                                            ; Auto               ; Auto               ;
; Auto Clock Enable Replacement                                              ; On                 ; On                 ;
; Strict RAM Replacement                                                     ; Off                ; Off                ;
; Allow Synchronous Control Signals                                          ; On                 ; On                 ;
; Force Use of Synchronous Clear Signals                                     ; Off                ; Off                ;
; Auto RAM to Logic Cell Conversion                                          ; Off                ; Off                ;
; Auto Resource Sharing                                                      ; Off                ; Off                ;
; Allow Any RAM Size For Recognition                                         ; Off                ; Off                ;
; Allow Any ROM Size For Recognition                                         ; Off                ; Off                ;
; Allow Any Shift Register Size For Recognition                              ; Off                ; Off                ;
; Use LogicLock Constraints during Resource Balancing                        ; On                 ; On                 ;
; Ignore translate_off and synthesis_off directives                          ; Off                ; Off                ;
; Timing-Driven Synthesis                                                    ; Off                ; Off                ;
; Show Parameter Settings Tables in Synthesis Report                         ; On                 ; On                 ;
; Ignore Maximum Fan-Out Assignments                                         ; Off                ; Off                ;
; Synchronization Register Chain Length                                      ; 2                  ; 2                  ;
; PowerPlay Power Optimization                                               ; Normal compilation ; Normal compilation ;
; HDL message level                                                          ; Level2             ; Level2             ;
; Suppress Register Optimization Related Messages                            ; Off                ; Off                ;
; Number of Removed Registers Reported in Synthesis Report                   ; 5000               ; 5000               ;
; Number of Inverted Registers Reported in Synthesis Report                  ; 100                ; 100                ;
; Clock MUX Protection                                                       ; On                 ; On                 ;
; Auto Gated Clock Conversion                                                ; Off                ; Off                ;
; Block Design Naming                                                        ; Auto               ; Auto               ;
; SDC constraint protection                                                  ; Off                ; Off                ;
; Synthesis Effort                                                           ; Auto               ; Auto               ;
; Shift Register Replacement - Allow Asynchronous Clear Signal               ; On                 ; On                 ;
; Analysis & Synthesis Message Level                                         ; Medium             ; Medium             ;
; Disable Register Merging Across Hierarchies                                ; Auto               ; Auto               ;
; Resource Aware Inference For Block RAM                                     ; On                 ; On                 ;
+----------------------------------------------------------------------------+--------------------+--------------------+


Parallel compilation was disabled, but you have multiple processors available. Enable parallel compilation to reduce compilation time.
+-------------------------------------+
; Parallel Compilation                ;
+----------------------------+--------+
; Processors                 ; Number ;
+----------------------------+--------+
; Number detected on machine ; 2      ;
; Maximum allowed            ; 1      ;
+----------------------------+--------+


+-----------------------------------------------------------------------------------------------------------------------------+
; Analysis & Synthesis Source Files Read                                                                                      ;
+----------------------------------+-----------------+-----------------+------------------------------------------------------+
; File Name with User-Entered Path ; Used in Netlist ; File Type       ; File Name with Absolute Path                         ;
+----------------------------------+-----------------+-----------------+------------------------------------------------------+
; myFinal.vhd                      ; yes             ; User VHDL File  ; C:/altera/91sp1/quartus/My_Codes/chckk_F/myFinal.vhd ;
+----------------------------------+-----------------+-----------------+------------------------------------------------------+


+-----------------------------------------------------+
; Analysis & Synthesis Resource Usage Summary         ;
+---------------------------------------------+-------+
; Resource                                    ; Usage ;
+---------------------------------------------+-------+
; Estimated Total logic elements              ; 130   ;
;                                             ;       ;
; Total combinational functions               ; 129   ;
; Logic element usage by number of LUT inputs ;       ;
;     -- 4 input functions                    ; 92    ;
;     -- 3 input functions                    ; 24    ;
;     -- <=2 input functions                  ; 13    ;
;                                             ;       ;
; Logic elements by mode                      ;       ;
;     -- normal mode                          ; 129   ;
;     -- arithmetic mode                      ; 0     ;
;                                             ;       ;
; Total registers                             ; 24    ;
;     -- Dedicated logic registers            ; 24    ;
;     -- I/O registers                        ; 0     ;
;                                             ;       ;
; I/O pins                                    ; 49    ;
; Maximum fan-out node                        ; y.A   ;
; Maximum fan-out                             ; 25    ;
; Total fan-out                               ; 569   ;
; Average fan-out                             ; 2.82  ;
+---------------------------------------------+-------+


+-----------------------------------------------------------------------------------------------------------------------------------------------------------------------------+
; Analysis & Synthesis Resource Utilization by Entity                                                                                                                         ;
+----------------------------+-------------------+--------------+-------------+--------------+---------+-----------+------+--------------+---------------------+--------------+
; Compilation Hierarchy Node ; LC Combinationals ; LC Registers ; Memory Bits ; DSP Elements ; DSP 9x9 ; DSP 18x18 ; Pins ; Virtual Pins ; Full Hierarchy Name ; Library Name ;
+----------------------------+-------------------+--------------+-------------+--------------+---------+-----------+------+--------------+---------------------+--------------+
; |myFinal                   ; 129 (129)         ; 24 (24)      ; 0           ; 0            ; 0       ; 0         ; 49   ; 0            ; |myFinal            ; work         ;
+----------------------------+-------------------+--------------+-------------+--------------+---------+-----------+------+--------------+---------------------+--------------+
Note: For table entries with two numbers listed, the numbers in parentheses indicate the number of resources of the given type used by the specific entity alone. The numbers listed outside of parentheses indicate the total resources of the given type used by the specific entity and all of its sub-entities in the hierarchy.


Encoding Type:  One-Hot
+-------------------------------------------------------------------------------------------------------------------------------------------------------------------------------------------------------+
; State Machine - |myFinal|y                                                                                                                                                                            ;
+---------+--------+---------+--------+--------+---------+--------+--------+---------+--------+-------+------+-------+------+-----+-----+------+-----+------+-----+-----+-----+------+-----+-----+------+
; Name    ; y.W312 ; y.BW312 ; y.W311 ; y.W222 ; y.BW222 ; y.W221 ; y.W212 ; y.BW212 ; y.W211 ; y.W21 ; y.W3 ; y.BW3 ; y.W2 ; y.A ; y.T ; y.BT ; y.G ; y.BG ; y.F ; y.E ; y.D ; y.BD ; y.C ; y.B ; y.ST ;
+---------+--------+---------+--------+--------+---------+--------+--------+---------+--------+-------+------+-------+------+-----+-----+------+-----+------+-----+-----+-----+------+-----+-----+------+
; y.ST    ; 0      ; 0       ; 0      ; 0      ; 0       ; 0      ; 0      ; 0       ; 0      ; 0     ; 0    ; 0     ; 0    ; 0   ; 0   ; 0    ; 0   ; 0    ; 0   ; 0   ; 0   ; 0    ; 0   ; 0   ; 0    ;
; y.B     ; 0      ; 0       ; 0      ; 0      ; 0       ; 0      ; 0      ; 0       ; 0      ; 0     ; 0    ; 0     ; 0    ; 0   ; 0   ; 0    ; 0   ; 0    ; 0   ; 0   ; 0   ; 0    ; 0   ; 1   ; 1    ;
; y.C     ; 0      ; 0       ; 0      ; 0      ; 0       ; 0      ; 0      ; 0       ; 0      ; 0     ; 0    ; 0     ; 0    ; 0   ; 0   ; 0    ; 0   ; 0    ; 0   ; 0   ; 0   ; 0    ; 1   ; 0   ; 1    ;
; y.BD    ; 0      ; 0       ; 0      ; 0      ; 0       ; 0      ; 0      ; 0       ; 0      ; 0     ; 0    ; 0     ; 0    ; 0   ; 0   ; 0    ; 0   ; 0    ; 0   ; 0   ; 0   ; 1    ; 0   ; 0   ; 1    ;
; y.D     ; 0      ; 0       ; 0      ; 0      ; 0       ; 0      ; 0      ; 0       ; 0      ; 0     ; 0    ; 0     ; 0    ; 0   ; 0   ; 0    ; 0   ; 0    ; 0   ; 0   ; 1   ; 0    ; 0   ; 0   ; 1    ;
; y.E     ; 0      ; 0       ; 0      ; 0      ; 0       ; 0      ; 0      ; 0       ; 0      ; 0     ; 0    ; 0     ; 0    ; 0   ; 0   ; 0    ; 0   ; 0    ; 0   ; 1   ; 0   ; 0    ; 0   ; 0   ; 1    ;
; y.F     ; 0      ; 0       ; 0      ; 0      ; 0       ; 0      ; 0      ; 0       ; 0      ; 0     ; 0    ; 0     ; 0    ; 0   ; 0   ; 0    ; 0   ; 0    ; 1   ; 0   ; 0   ; 0    ; 0   ; 0   ; 1    ;
; y.BG    ; 0      ; 0       ; 0      ; 0      ; 0       ; 0      ; 0      ; 0       ; 0      ; 0     ; 0    ; 0     ; 0    ; 0   ; 0   ; 0    ; 0   ; 1    ; 0   ; 0   ; 0   ; 0    ; 0   ; 0   ; 1    ;
; y.G     ; 0      ; 0       ; 0      ; 0      ; 0       ; 0      ; 0      ; 0       ; 0      ; 0     ; 0    ; 0     ; 0    ; 0   ; 0   ; 0    ; 1   ; 0    ; 0   ; 0   ; 0   ; 0    ; 0   ; 0   ; 1    ;
; y.BT    ; 0      ; 0       ; 0      ; 0      ; 0       ; 0      ; 0      ; 0       ; 0      ; 0     ; 0    ; 0     ; 0    ; 0   ; 0   ; 1    ; 0   ; 0    ; 0   ; 0   ; 0   ; 0    ; 0   ; 0   ; 1    ;
; y.T     ; 0      ; 0       ; 0      ; 0      ; 0       ; 0      ; 0      ; 0       ; 0      ; 0     ; 0    ; 0     ; 0    ; 0   ; 1   ; 0    ; 0   ; 0    ; 0   ; 0   ; 0   ; 0    ; 0   ; 0   ; 1    ;
; y.A     ; 0      ; 0       ; 0      ; 0      ; 0       ; 0      ; 0      ; 0       ; 0      ; 0     ; 0    ; 0     ; 0    ; 1   ; 0   ; 0    ; 0   ; 0    ; 0   ; 0   ; 0   ; 0    ; 0   ; 0   ; 1    ;
; y.W2    ; 0      ; 0       ; 0      ; 0      ; 0       ; 0      ; 0      ; 0       ; 0      ; 0     ; 0    ; 0     ; 1    ; 0   ; 0   ; 0    ; 0   ; 0    ; 0   ; 0   ; 0   ; 0    ; 0   ; 0   ; 1    ;
; y.BW3   ; 0      ; 0       ; 0      ; 0      ; 0       ; 0      ; 0      ; 0       ; 0      ; 0     ; 0    ; 1     ; 0    ; 0   ; 0   ; 0    ; 0   ; 0    ; 0   ; 0   ; 0   ; 0    ; 0   ; 0   ; 1    ;
; y.W3    ; 0      ; 0       ; 0      ; 0      ; 0       ; 0      ; 0      ; 0       ; 0      ; 0     ; 1    ; 0     ; 0    ; 0   ; 0   ; 0    ; 0   ; 0    ; 0   ; 0   ; 0   ; 0    ; 0   ; 0   ; 1    ;
; y.W21   ; 0      ; 0       ; 0      ; 0      ; 0       ; 0      ; 0      ; 0       ; 0      ; 1     ; 0    ; 0     ; 0    ; 0   ; 0   ; 0    ; 0   ; 0    ; 0   ; 0   ; 0   ; 0    ; 0   ; 0   ; 1    ;
; y.W211  ; 0      ; 0       ; 0      ; 0      ; 0       ; 0      ; 0      ; 0       ; 1      ; 0     ; 0    ; 0     ; 0    ; 0   ; 0   ; 0    ; 0   ; 0    ; 0   ; 0   ; 0   ; 0    ; 0   ; 0   ; 1    ;
; y.BW212 ; 0      ; 0       ; 0      ; 0      ; 0       ; 0      ; 0      ; 1       ; 0      ; 0     ; 0    ; 0     ; 0    ; 0   ; 0   ; 0    ; 0   ; 0    ; 0   ; 0   ; 0   ; 0    ; 0   ; 0   ; 1    ;
; y.W212  ; 0      ; 0       ; 0      ; 0      ; 0       ; 0      ; 1      ; 0       ; 0      ; 0     ; 0    ; 0     ; 0    ; 0   ; 0   ; 0    ; 0   ; 0    ; 0   ; 0   ; 0   ; 0    ; 0   ; 0   ; 1    ;
; y.W221  ; 0      ; 0       ; 0      ; 0      ; 0       ; 1      ; 0      ; 0       ; 0      ; 0     ; 0    ; 0     ; 0    ; 0   ; 0   ; 0    ; 0   ; 0    ; 0   ; 0   ; 0   ; 0    ; 0   ; 0   ; 1    ;
; y.BW222 ; 0      ; 0       ; 0      ; 0      ; 1       ; 0      ; 0      ; 0       ; 0      ; 0     ; 0    ; 0     ; 0    ; 0   ; 0   ; 0    ; 0   ; 0    ; 0   ; 0   ; 0   ; 0    ; 0   ; 0   ; 1    ;
; y.W222  ; 0      ; 0       ; 0      ; 1      ; 0       ; 0      ; 0      ; 0       ; 0      ; 0     ; 0    ; 0     ; 0    ; 0   ; 0   ; 0    ; 0   ; 0    ; 0   ; 0   ; 0   ; 0    ; 0   ; 0   ; 1    ;
; y.W311  ; 0      ; 0       ; 1      ; 0      ; 0       ; 0      ; 0      ; 0       ; 0      ; 0     ; 0    ; 0     ; 0    ; 0   ; 0   ; 0    ; 0   ; 0    ; 0   ; 0   ; 0   ; 0    ; 0   ; 0   ; 1    ;
; y.BW312 ; 0      ; 1       ; 0      ; 0      ; 0       ; 0      ; 0      ; 0       ; 0      ; 0     ; 0    ; 0     ; 0    ; 0   ; 0   ; 0    ; 0   ; 0    ; 0   ; 0   ; 0   ; 0    ; 0   ; 0   ; 1    ;
; y.W312  ; 1      ; 0       ; 0      ; 0      ; 0       ; 0      ; 0      ; 0       ; 0      ; 0     ; 0    ; 0     ; 0    ; 0   ; 0   ; 0    ; 0   ; 0    ; 0   ; 0   ; 0   ; 0    ; 0   ; 0   ; 1    ;
+---------+--------+---------+--------+--------+---------+--------+--------+---------+--------+-------+------+-------+------+-----+-----+------+-----+------+-----+-----+-----+------+-----+-----+------+


+--------------------------------------------------------------------------------+
; Registers Removed During Synthesis                                             ;
+---------------------------------------+----------------------------------------+
; Register name                         ; Reason for Removal                     ;
+---------------------------------------+----------------------------------------+
; y.BT                                  ; Stuck at GND due to stuck port data_in ;
; Total Number of Removed Registers = 1 ;                                        ;
+---------------------------------------+----------------------------------------+


+------------------------------------------------------+
; General Register Statistics                          ;
+----------------------------------------------+-------+
; Statistic                                    ; Value ;
+----------------------------------------------+-------+
; Total registers                              ; 24    ;
; Number of registers using Synchronous Clear  ; 0     ;
; Number of registers using Synchronous Load   ; 0     ;
; Number of registers using Asynchronous Clear ; 24    ;
; Number of registers using Asynchronous Load  ; 0     ;
; Number of registers using Clock Enable       ; 0     ;
; Number of registers using Preset             ; 0     ;
+----------------------------------------------+-------+


+------------------------------------------------------------------------------------------------------------------------------------------+
; Multiplexer Restructuring Statistics (Restructuring Performed)                                                                           ;
+--------------------+-----------+---------------+----------------------+------------------------+------------+----------------------------+
; Multiplexer Inputs ; Bus Width ; Baseline Area ; Area if Restructured ; Saving if Restructured ; Registered ; Example Multiplexer Output ;
+--------------------+-----------+---------------+----------------------+------------------------+------------+----------------------------+
; 3:1                ; 3 bits    ; 6 LEs         ; 6 LEs                ; 0 LEs                  ; No         ; |myFinal|segm1[3]          ;
; 3:1                ; 2 bits    ; 4 LEs         ; 4 LEs                ; 0 LEs                  ; No         ; |myFinal|segm2[5]          ;
; 4:1                ; 2 bits    ; 4 LEs         ; 4 LEs                ; 0 LEs                  ; No         ; |myFinal|segm3[0]          ;
; 12:1               ; 4 bits    ; 32 LEs        ; 28 LEs               ; 4 LEs                  ; No         ; |myFinal|segm2[4]          ;
; 13:1               ; 2 bits    ; 16 LEs        ; 16 LEs               ; 0 LEs                  ; No         ; |myFinal|segm3[0]          ;
; 15:1               ; 5 bits    ; 50 LEs        ; 50 LEs               ; 0 LEs                  ; No         ; |myFinal|segm2[5]          ;
; 20:1               ; 3 bits    ; 39 LEs        ; 39 LEs               ; 0 LEs                  ; No         ; |myFinal|segm2[3]          ;
; 21:1               ; 4 bits    ; 56 LEs        ; 52 LEs               ; 4 LEs                  ; No         ; |myFinal|segm4[1]          ;
+--------------------+-----------+---------------+----------------------+------------------------+------------+----------------------------+


+-------------------------------+
; Analysis & Synthesis Messages ;
+-------------------------------+
Info: *******************************************************************
Info: Running Quartus II Analysis & Synthesis
    Info: Version 9.1 Build 304 01/25/2010 Service Pack 1 SJ Web Edition
    Info: Processing started: Tue May 22 00:12:20 2018
Info: Command: quartus_map --read_settings_files=on --write_settings_files=off myFinal -c myFinal
Info: Found 2 design units, including 1 entities, in source file myfinal.vhd
    Info: Found design unit 1: myFinal-SBehaviour
    Info: Found entity 1: myFinal
Info: Elaborating entity "myFinal" for the top level hierarchy
Warning (10541): VHDL Signal Declaration warning at myFinal.vhd(10): used implicit default value for signal "z1" because signal was never assigned a value or an explicit default value. Use of implicit default value may introduce unintended design optimizations.
Warning (10541): VHDL Signal Declaration warning at myFinal.vhd(10): used implicit default value for signal "z2" because signal was never assigned a value or an explicit default value. Use of implicit default value may introduce unintended design optimizations.
Warning (10541): VHDL Signal Declaration warning at myFinal.vhd(10): used implicit default value for signal "LedR" because signal was never assigned a value or an explicit default value. Use of implicit default value may introduce unintended design optimizations.
Warning (10541): VHDL Signal Declaration warning at myFinal.vhd(12): used implicit default value for signal "count1" because signal was never assigned a value or an explicit default value. Use of implicit default value may introduce unintended design optimizations.
Warning (10631): VHDL Process Statement warning at myFinal.vhd(308): inferring latch(es) for signal or variable "segm2", which holds its previous value in one or more paths through the process
Warning (10631): VHDL Process Statement warning at myFinal.vhd(308): inferring latch(es) for signal or variable "segm1", which holds its previous value in one or more paths through the process
Warning (10631): VHDL Process Statement warning at myFinal.vhd(308): inferring latch(es) for signal or variable "segm3", which holds its previous value in one or more paths through the process
Warning (10631): VHDL Process Statement warning at myFinal.vhd(308): inferring latch(es) for signal or variable "segm4", which holds its previous value in one or more paths through the process
Info (10041): Inferred latch for "segm4[0]" at myFinal.vhd(308)
Info (10041): Inferred latch for "segm4[1]" at myFinal.vhd(308)
Info (10041): Inferred latch for "segm4[2]" at myFinal.vhd(308)
Info (10041): Inferred latch for "segm4[3]" at myFinal.vhd(308)
Info (10041): Inferred latch for "segm4[4]" at myFinal.vhd(308)
Info (10041): Inferred latch for "segm4[5]" at myFinal.vhd(308)
Info (10041): Inferred latch for "segm4[6]" at myFinal.vhd(308)
Info (10041): Inferred latch for "segm3[0]" at myFinal.vhd(308)
Info (10041): Inferred latch for "segm3[1]" at myFinal.vhd(308)
Info (10041): Inferred latch for "segm3[2]" at myFinal.vhd(308)
Info (10041): Inferred latch for "segm3[3]" at myFinal.vhd(308)
Info (10041): Inferred latch for "segm3[4]" at myFinal.vhd(308)
Info (10041): Inferred latch for "segm3[5]" at myFinal.vhd(308)
Info (10041): Inferred latch for "segm3[6]" at myFinal.vhd(308)
Info (10041): Inferred latch for "segm1[0]" at myFinal.vhd(308)
Info (10041): Inferred latch for "segm1[1]" at myFinal.vhd(308)
Info (10041): Inferred latch for "segm1[2]" at myFinal.vhd(308)
Info (10041): Inferred latch for "segm1[3]" at myFinal.vhd(308)
Info (10041): Inferred latch for "segm1[4]" at myFinal.vhd(308)
Info (10041): Inferred latch for "segm1[5]" at myFinal.vhd(308)
Info (10041): Inferred latch for "segm1[6]" at myFinal.vhd(308)
Info (10041): Inferred latch for "segm2[0]" at myFinal.vhd(308)
Info (10041): Inferred latch for "segm2[1]" at myFinal.vhd(308)
Info (10041): Inferred latch for "segm2[2]" at myFinal.vhd(308)
Info (10041): Inferred latch for "segm2[3]" at myFinal.vhd(308)
Info (10041): Inferred latch for "segm2[4]" at myFinal.vhd(308)
Info (10041): Inferred latch for "segm2[5]" at myFinal.vhd(308)
Info (10041): Inferred latch for "segm2[6]" at myFinal.vhd(308)
Warning: Output pins are stuck at VCC or GND
    Warning (13410): Pin "z1" is stuck at GND
    Warning (13410): Pin "z2" is stuck at GND
    Warning (13410): Pin "LedR" is stuck at GND
    Warning (13410): Pin "count1" is stuck at GND
Warning: Design contains 3 input pin(s) that do not drive logic
    Warning (15610): No output dependent on input pin "w"
    Warning (15610): No output dependent on input pin "butT"
    Warning (15610): No output dependent on input pin "but4"
Info: Implemented 179 device resources after synthesis - the final resource count might be different
    Info: Implemented 13 input pins
    Info: Implemented 36 output pins
    Info: Implemented 130 logic cells
Info: Quartus II Analysis & Synthesis was successful. 0 errors, 17 warnings
    Info: Peak virtual memory: 244 megabytes
    Info: Processing ended: Tue May 22 00:12:28 2018
    Info: Elapsed time: 00:00:08
    Info: Total CPU time (on all processors): 00:00:07


