Classic Timing Analyzer report for myFinal
Tue May 22 00:12:50 2018
Quartus II Version 9.1 Build 304 01/25/2010 Service Pack 1 SJ Web Edition


---------------------
; Table of Contents ;
---------------------
  1. Legal Notice
  2. Timing Analyzer Summary
  3. Timing Analyzer Settings
  4. Clock Settings Summary
  5. Parallel Compilation
  6. Clock Setup: 'clock'
  7. tsu
  8. tco
  9. tpd
 10. th
 11. Timing Analyzer Messages



----------------
; Legal Notice ;
----------------
Copyright (C) 1991-2010 Altera Corporation
Your use of Altera Corporation's design tools, logic functions 
and other software and tools, and its AMPP partner logic 
functions, and any output files from any of the foregoing 
(including device programming or simulation files), and any 
associated documentation or information are expressly subject 
to the terms and conditions of the Altera Program License 
Subscription Agreement, Altera MegaCore Function License 
Agreement, or other applicable license agreement, including, 
without limitation, that your use is for the sole purpose of 
programming logic devices manufactured by Altera and sold by 
Altera or its authorized distributors.  Please refer to the 
applicable agreement for further details.



+----------------------------------------------------------------------------------------------------------------------------------------------------+
; Timing Analyzer Summary                                                                                                                            ;
+------------------------------+-------+---------------+----------------------------------+--------+----------+------------+----------+--------------+
; Type                         ; Slack ; Required Time ; Actual Time                      ; From   ; To       ; From Clock ; To Clock ; Failed Paths ;
+------------------------------+-------+---------------+----------------------------------+--------+----------+------------+----------+--------------+
; Worst-case tsu               ; N/A   ; None          ; 6.802 ns                         ; senseP ; y.BW222  ; --         ; clock    ; 0            ;
; Worst-case tco               ; N/A   ; None          ; 15.713 ns                        ; y.B    ; segm4[1] ; clock      ; --       ; 0            ;
; Worst-case tpd               ; N/A   ; None          ; 8.931 ns                         ; pB     ; LedPB    ; --         ; --       ; 0            ;
; Worst-case th                ; N/A   ; None          ; 0.444 ns                         ; but3   ; y.W21    ; --         ; clock    ; 0            ;
; Clock Setup: 'clock'         ; N/A   ; None          ; 359.45 MHz ( period = 2.782 ns ) ; y.BD   ; y.T      ; clock      ; clock    ; 0            ;
; Total number of failed paths ;       ;               ;                                  ;        ;          ;            ;          ; 0            ;
+------------------------------+-------+---------------+----------------------------------+--------+----------+------------+----------+--------------+


+-----------------------------------------------------------------------------------------------------------------------------------------------------+
; Timing Analyzer Settings                                                                                                                            ;
+------------------------------------------------------------------------------------------------------+--------------------+------+----+-------------+
; Option                                                                                               ; Setting            ; From ; To ; Entity Name ;
+------------------------------------------------------------------------------------------------------+--------------------+------+----+-------------+
; Device Name                                                                                          ; EP2C20F484C7       ;      ;    ;             ;
; Timing Models                                                                                        ; Final              ;      ;    ;             ;
; Default hold multicycle                                                                              ; Same as Multicycle ;      ;    ;             ;
; Cut paths between unrelated clock domains                                                            ; On                 ;      ;    ;             ;
; Cut off read during write signal paths                                                               ; On                 ;      ;    ;             ;
; Cut off feedback from I/O pins                                                                       ; On                 ;      ;    ;             ;
; Report Combined Fast/Slow Timing                                                                     ; Off                ;      ;    ;             ;
; Ignore Clock Settings                                                                                ; Off                ;      ;    ;             ;
; Analyze latches as synchronous elements                                                              ; On                 ;      ;    ;             ;
; Enable Recovery/Removal analysis                                                                     ; Off                ;      ;    ;             ;
; Enable Clock Latency                                                                                 ; Off                ;      ;    ;             ;
; Use TimeQuest Timing Analyzer                                                                        ; Off                ;      ;    ;             ;
; Minimum Core Junction Temperature                                                                    ; 0                  ;      ;    ;             ;
; Maximum Core Junction Temperature                                                                    ; 85                 ;      ;    ;             ;
; Number of source nodes to report per destination node                                                ; 10                 ;      ;    ;             ;
; Number of destination nodes to report                                                                ; 10                 ;      ;    ;             ;
; Number of paths to report                                                                            ; 200                ;      ;    ;             ;
; Report Minimum Timing Checks                                                                         ; Off                ;      ;    ;             ;
; Use Fast Timing Models                                                                               ; Off                ;      ;    ;             ;
; Report IO Paths Separately                                                                           ; Off                ;      ;    ;             ;
; Perform Multicorner Analysis                                                                         ; On                 ;      ;    ;             ;
; Reports the worst-case path for each clock domain and analysis                                       ; Off                ;      ;    ;             ;
; Reports worst-case timing paths for each clock domain and analysis                                   ; On                 ;      ;    ;             ;
; Specifies the maximum number of worst-case timing paths to report for each clock domain and analysis ; 100                ;      ;    ;             ;
; Removes common clock path pessimism (CCPP) during slack computation                                  ; Off                ;      ;    ;             ;
; Output I/O Timing Endpoint                                                                           ; Near End           ;      ;    ;             ;
+------------------------------------------------------------------------------------------------------+--------------------+------+----+-------------+


+------------------------------------------------------------------------------------------------------------------------------------------------------------------------------------+
; Clock Settings Summary                                                                                                                                                             ;
+-----------------+--------------------+----------+------------------+---------------+--------------+----------+-----------------------+---------------------+--------+--------------+
; Clock Node Name ; Clock Setting Name ; Type     ; Fmax Requirement ; Early Latency ; Late Latency ; Based on ; Multiply Base Fmax by ; Divide Base Fmax by ; Offset ; Phase offset ;
+-----------------+--------------------+----------+------------------+---------------+--------------+----------+-----------------------+---------------------+--------+--------------+
; clock           ;                    ; User Pin ; None             ; 0.000 ns      ; 0.000 ns     ; --       ; N/A                   ; N/A                 ; N/A    ;              ;
+-----------------+--------------------+----------+------------------+---------------+--------------+----------+-----------------------+---------------------+--------+--------------+


Parallel compilation was disabled, but you have multiple processors available. Enable parallel compilation to reduce compilation time.
+-------------------------------------+
; Parallel Compilation                ;
+----------------------------+--------+
; Processors                 ; Number ;
+----------------------------+--------+
; Number detected on machine ; 2      ;
; Maximum allowed            ; 1      ;
+----------------------------+--------+


+----------------------------------------------------------------------------------------------------------------------------------------------------------------------------------------+
; Clock Setup: 'clock'                                                                                                                                                                   ;
+-------+------------------------------------------------+---------+---------+------------+----------+-----------------------------+---------------------------+-------------------------+
; Slack ; Actual fmax (period)                           ; From    ; To      ; From Clock ; To Clock ; Required Setup Relationship ; Required Longest P2P Time ; Actual Longest P2P Time ;
+-------+------------------------------------------------+---------+---------+------------+----------+-----------------------------+---------------------------+-------------------------+
; N/A   ; 359.45 MHz ( period = 2.782 ns )               ; y.BD    ; y.T     ; clock      ; clock    ; None                        ; None                      ; 2.533 ns                ;
; N/A   ; 361.40 MHz ( period = 2.767 ns )               ; y.T     ; y.A     ; clock      ; clock    ; None                        ; None                      ; 2.538 ns                ;
; N/A   ; 364.83 MHz ( period = 2.741 ns )               ; y.A     ; y.A     ; clock      ; clock    ; None                        ; None                      ; 2.502 ns                ;
; N/A   ; 376.93 MHz ( period = 2.653 ns )               ; y.A     ; y.B     ; clock      ; clock    ; None                        ; None                      ; 2.414 ns                ;
; N/A   ; Restricted to 380.08 MHz ( period = 2.631 ns ) ; y.D     ; y.T     ; clock      ; clock    ; None                        ; None                      ; 2.372 ns                ;
; N/A   ; Restricted to 380.08 MHz ( period = 2.631 ns ) ; y.C     ; y.A     ; clock      ; clock    ; None                        ; None                      ; 2.371 ns                ;
; N/A   ; Restricted to 380.08 MHz ( period = 2.631 ns ) ; y.G     ; y.T     ; clock      ; clock    ; None                        ; None                      ; 2.360 ns                ;
; N/A   ; Restricted to 380.08 MHz ( period = 2.631 ns ) ; y.F     ; y.A     ; clock      ; clock    ; None                        ; None                      ; 2.337 ns                ;
; N/A   ; Restricted to 380.08 MHz ( period = 2.631 ns ) ; y.ST    ; y.T     ; clock      ; clock    ; None                        ; None                      ; 2.288 ns                ;
; N/A   ; Restricted to 380.08 MHz ( period = 2.631 ns ) ; y.B     ; y.B     ; clock      ; clock    ; None                        ; None                      ; 2.260 ns                ;
; N/A   ; Restricted to 380.08 MHz ( period = 2.631 ns ) ; y.ST    ; y.A     ; clock      ; clock    ; None                        ; None                      ; 2.231 ns                ;
; N/A   ; Restricted to 380.08 MHz ( period = 2.631 ns ) ; y.E     ; y.A     ; clock      ; clock    ; None                        ; None                      ; 2.230 ns                ;
; N/A   ; Restricted to 380.08 MHz ( period = 2.631 ns ) ; y.B     ; y.A     ; clock      ; clock    ; None                        ; None                      ; 2.001 ns                ;
; N/A   ; Restricted to 380.08 MHz ( period = 2.631 ns ) ; y.G     ; y.A     ; clock      ; clock    ; None                        ; None                      ; 2.001 ns                ;
; N/A   ; Restricted to 380.08 MHz ( period = 2.631 ns ) ; y.BG    ; y.G     ; clock      ; clock    ; None                        ; None                      ; 1.972 ns                ;
; N/A   ; Restricted to 380.08 MHz ( period = 2.631 ns ) ; y.F     ; y.BG    ; clock      ; clock    ; None                        ; None                      ; 1.936 ns                ;
; N/A   ; Restricted to 380.08 MHz ( period = 2.631 ns ) ; y.W21   ; y.W21   ; clock      ; clock    ; None                        ; None                      ; 1.860 ns                ;
; N/A   ; Restricted to 380.08 MHz ( period = 2.631 ns ) ; y.B     ; y.W2    ; clock      ; clock    ; None                        ; None                      ; 1.841 ns                ;
; N/A   ; Restricted to 380.08 MHz ( period = 2.631 ns ) ; y.E     ; y.W311  ; clock      ; clock    ; None                        ; None                      ; 1.854 ns                ;
; N/A   ; Restricted to 380.08 MHz ( period = 2.631 ns ) ; y.BD    ; y.D     ; clock      ; clock    ; None                        ; None                      ; 1.825 ns                ;
; N/A   ; Restricted to 380.08 MHz ( period = 2.631 ns ) ; y.A     ; y.W21   ; clock      ; clock    ; None                        ; None                      ; 1.815 ns                ;
; N/A   ; Restricted to 380.08 MHz ( period = 2.631 ns ) ; y.D     ; y.A     ; clock      ; clock    ; None                        ; None                      ; 1.754 ns                ;
; N/A   ; Restricted to 380.08 MHz ( period = 2.631 ns ) ; y.D     ; y.D     ; clock      ; clock    ; None                        ; None                      ; 1.606 ns                ;
; N/A   ; Restricted to 380.08 MHz ( period = 2.631 ns ) ; y.W221  ; y.BW222 ; clock      ; clock    ; None                        ; None                      ; 1.541 ns                ;
; N/A   ; Restricted to 380.08 MHz ( period = 2.631 ns ) ; y.BW212 ; y.W212  ; clock      ; clock    ; None                        ; None                      ; 1.544 ns                ;
; N/A   ; Restricted to 380.08 MHz ( period = 2.631 ns ) ; y.W311  ; y.BW312 ; clock      ; clock    ; None                        ; None                      ; 1.522 ns                ;
; N/A   ; Restricted to 380.08 MHz ( period = 2.631 ns ) ; y.W21   ; y.W221  ; clock      ; clock    ; None                        ; None                      ; 1.514 ns                ;
; N/A   ; Restricted to 380.08 MHz ( period = 2.631 ns ) ; y.BG    ; y.T     ; clock      ; clock    ; None                        ; None                      ; 1.422 ns                ;
; N/A   ; Restricted to 380.08 MHz ( period = 2.631 ns ) ; y.W21   ; y.W211  ; clock      ; clock    ; None                        ; None                      ; 1.384 ns                ;
; N/A   ; Restricted to 380.08 MHz ( period = 2.631 ns ) ; y.T     ; y.T     ; clock      ; clock    ; None                        ; None                      ; 1.302 ns                ;
; N/A   ; Restricted to 380.08 MHz ( period = 2.631 ns ) ; y.BD    ; y.BD    ; clock      ; clock    ; None                        ; None                      ; 1.234 ns                ;
; N/A   ; Restricted to 380.08 MHz ( period = 2.631 ns ) ; y.W2    ; y.BW3   ; clock      ; clock    ; None                        ; None                      ; 1.214 ns                ;
; N/A   ; Restricted to 380.08 MHz ( period = 2.631 ns ) ; y.E     ; y.F     ; clock      ; clock    ; None                        ; None                      ; 1.000 ns                ;
; N/A   ; Restricted to 380.08 MHz ( period = 2.631 ns ) ; y.BW222 ; y.W222  ; clock      ; clock    ; None                        ; None                      ; 1.000 ns                ;
; N/A   ; Restricted to 380.08 MHz ( period = 2.631 ns ) ; y.BW3   ; y.W3    ; clock      ; clock    ; None                        ; None                      ; 0.987 ns                ;
; N/A   ; Restricted to 380.08 MHz ( period = 2.631 ns ) ; y.BW312 ; y.W312  ; clock      ; clock    ; None                        ; None                      ; 0.984 ns                ;
; N/A   ; Restricted to 380.08 MHz ( period = 2.631 ns ) ; y.A     ; y.E     ; clock      ; clock    ; None                        ; None                      ; 0.980 ns                ;
; N/A   ; Restricted to 380.08 MHz ( period = 2.631 ns ) ; y.W211  ; y.BW212 ; clock      ; clock    ; None                        ; None                      ; 0.926 ns                ;
; N/A   ; Restricted to 380.08 MHz ( period = 2.631 ns ) ; y.C     ; y.BD    ; clock      ; clock    ; None                        ; None                      ; 0.912 ns                ;
; N/A   ; Restricted to 380.08 MHz ( period = 2.631 ns ) ; y.B     ; y.C     ; clock      ; clock    ; None                        ; None                      ; 0.667 ns                ;
; N/A   ; Restricted to 380.08 MHz ( period = 2.631 ns ) ; y.G     ; y.G     ; clock      ; clock    ; None                        ; None                      ; 0.454 ns                ;
; N/A   ; Restricted to 380.08 MHz ( period = 2.631 ns ) ; y.C     ; y.C     ; clock      ; clock    ; None                        ; None                      ; 0.454 ns                ;
; N/A   ; Restricted to 380.08 MHz ( period = 2.631 ns ) ; y.F     ; y.F     ; clock      ; clock    ; None                        ; None                      ; 0.454 ns                ;
; N/A   ; Restricted to 380.08 MHz ( period = 2.631 ns ) ; y.E     ; y.E     ; clock      ; clock    ; None                        ; None                      ; 0.454 ns                ;
; N/A   ; Restricted to 380.08 MHz ( period = 2.631 ns ) ; y.BG    ; y.BG    ; clock      ; clock    ; None                        ; None                      ; 0.454 ns                ;
; N/A   ; Restricted to 380.08 MHz ( period = 2.631 ns ) ; y.W312  ; y.W312  ; clock      ; clock    ; None                        ; None                      ; 0.454 ns                ;
; N/A   ; Restricted to 380.08 MHz ( period = 2.631 ns ) ; y.BW312 ; y.BW312 ; clock      ; clock    ; None                        ; None                      ; 0.454 ns                ;
; N/A   ; Restricted to 380.08 MHz ( period = 2.631 ns ) ; y.W311  ; y.W311  ; clock      ; clock    ; None                        ; None                      ; 0.454 ns                ;
; N/A   ; Restricted to 380.08 MHz ( period = 2.631 ns ) ; y.W3    ; y.W3    ; clock      ; clock    ; None                        ; None                      ; 0.454 ns                ;
; N/A   ; Restricted to 380.08 MHz ( period = 2.631 ns ) ; y.BW3   ; y.BW3   ; clock      ; clock    ; None                        ; None                      ; 0.454 ns                ;
; N/A   ; Restricted to 380.08 MHz ( period = 2.631 ns ) ; y.W2    ; y.W2    ; clock      ; clock    ; None                        ; None                      ; 0.454 ns                ;
; N/A   ; Restricted to 380.08 MHz ( period = 2.631 ns ) ; y.W212  ; y.W212  ; clock      ; clock    ; None                        ; None                      ; 0.454 ns                ;
; N/A   ; Restricted to 380.08 MHz ( period = 2.631 ns ) ; y.BW212 ; y.BW212 ; clock      ; clock    ; None                        ; None                      ; 0.454 ns                ;
; N/A   ; Restricted to 380.08 MHz ( period = 2.631 ns ) ; y.W211  ; y.W211  ; clock      ; clock    ; None                        ; None                      ; 0.454 ns                ;
; N/A   ; Restricted to 380.08 MHz ( period = 2.631 ns ) ; y.W222  ; y.W222  ; clock      ; clock    ; None                        ; None                      ; 0.454 ns                ;
; N/A   ; Restricted to 380.08 MHz ( period = 2.631 ns ) ; y.BW222 ; y.BW222 ; clock      ; clock    ; None                        ; None                      ; 0.454 ns                ;
; N/A   ; Restricted to 380.08 MHz ( period = 2.631 ns ) ; y.W221  ; y.W221  ; clock      ; clock    ; None                        ; None                      ; 0.454 ns                ;
+-------+------------------------------------------------+---------+---------+------------+----------+-----------------------------+---------------------------+-------------------------+


+-----------------------------------------------------------------+
; tsu                                                             ;
+-------+--------------+------------+--------+---------+----------+
; Slack ; Required tsu ; Actual tsu ; From   ; To      ; To Clock ;
+-------+--------------+------------+--------+---------+----------+
; N/A   ; None         ; 6.802 ns   ; senseP ; y.BW222 ; clock    ;
; N/A   ; None         ; 6.801 ns   ; senseP ; y.BW3   ; clock    ;
; N/A   ; None         ; 6.799 ns   ; senseP ; y.BW312 ; clock    ;
; N/A   ; None         ; 6.643 ns   ; pB     ; y.BW222 ; clock    ;
; N/A   ; None         ; 6.642 ns   ; pB     ; y.BW3   ; clock    ;
; N/A   ; None         ; 6.640 ns   ; pB     ; y.BW312 ; clock    ;
; N/A   ; None         ; 6.623 ns   ; senseP ; y.BW212 ; clock    ;
; N/A   ; None         ; 6.541 ns   ; PBG    ; y.A     ; clock    ;
; N/A   ; None         ; 6.501 ns   ; pB     ; y.G     ; clock    ;
; N/A   ; None         ; 6.474 ns   ; senseP ; y.A     ; clock    ;
; N/A   ; None         ; 6.464 ns   ; pB     ; y.BW212 ; clock    ;
; N/A   ; None         ; 6.255 ns   ; senseP ; y.W211  ; clock    ;
; N/A   ; None         ; 6.253 ns   ; senseP ; y.G     ; clock    ;
; N/A   ; None         ; 5.788 ns   ; PB2    ; y.A     ; clock    ;
; N/A   ; None         ; 5.779 ns   ; pB     ; y.BD    ; clock    ;
; N/A   ; None         ; 5.775 ns   ; senseP ; y.BG    ; clock    ;
; N/A   ; None         ; 5.728 ns   ; senseP ; y.W21   ; clock    ;
; N/A   ; None         ; 5.680 ns   ; senseP ; y.W311  ; clock    ;
; N/A   ; None         ; 5.663 ns   ; PBD    ; y.D     ; clock    ;
; N/A   ; None         ; 5.659 ns   ; pB     ; y.D     ; clock    ;
; N/A   ; None         ; 5.611 ns   ; senseP ; y.E     ; clock    ;
; N/A   ; None         ; 5.560 ns   ; senseP ; y.W2    ; clock    ;
; N/A   ; None         ; 5.496 ns   ; senseP ; y.T     ; clock    ;
; N/A   ; None         ; 5.382 ns   ; senseP ; y.W221  ; clock    ;
; N/A   ; None         ; 5.236 ns   ; pB     ; y.BG    ; clock    ;
; N/A   ; None         ; 5.162 ns   ; PB2    ; y.T     ; clock    ;
; N/A   ; None         ; 5.152 ns   ; senseP ; y.C     ; clock    ;
; N/A   ; None         ; 5.098 ns   ; senseP ; y.BD    ; clock    ;
; N/A   ; None         ; 5.095 ns   ; senseP ; y.F     ; clock    ;
; N/A   ; None         ; 5.082 ns   ; PBD    ; y.A     ; clock    ;
; N/A   ; None         ; 5.015 ns   ; PBG    ; y.G     ; clock    ;
; N/A   ; None         ; 5.000 ns   ; pB     ; y.W212  ; clock    ;
; N/A   ; None         ; 4.996 ns   ; pB     ; y.W312  ; clock    ;
; N/A   ; None         ; 4.995 ns   ; pB     ; y.W3    ; clock    ;
; N/A   ; None         ; 4.995 ns   ; pB     ; y.W222  ; clock    ;
; N/A   ; None         ; 4.880 ns   ; senseP ; y.W3    ; clock    ;
; N/A   ; None         ; 4.877 ns   ; senseP ; y.W222  ; clock    ;
; N/A   ; None         ; 4.873 ns   ; senseP ; y.W312  ; clock    ;
; N/A   ; None         ; 4.870 ns   ; senseP ; y.W212  ; clock    ;
; N/A   ; None         ; 4.588 ns   ; senseP ; y.B     ; clock    ;
; N/A   ; None         ; 3.482 ns   ; but1   ; y.W211  ; clock    ;
; N/A   ; None         ; 3.480 ns   ; but1   ; y.G     ; clock    ;
; N/A   ; None         ; 3.141 ns   ; but1   ; y.BW212 ; clock    ;
; N/A   ; None         ; 2.998 ns   ; but1   ; y.BG    ; clock    ;
; N/A   ; None         ; 2.997 ns   ; but1   ; y.BW3   ; clock    ;
; N/A   ; None         ; 2.996 ns   ; but1   ; y.BW312 ; clock    ;
; N/A   ; None         ; 2.995 ns   ; but1   ; y.BW222 ; clock    ;
; N/A   ; None         ; 2.918 ns   ; but1   ; y.A     ; clock    ;
; N/A   ; None         ; 2.786 ns   ; but1   ; y.W2    ; clock    ;
; N/A   ; None         ; 2.660 ns   ; but2   ; y.W211  ; clock    ;
; N/A   ; None         ; 2.658 ns   ; but2   ; y.G     ; clock    ;
; N/A   ; None         ; 2.510 ns   ; but2   ; y.A     ; clock    ;
; N/A   ; None         ; 2.388 ns   ; but1   ; y.C     ; clock    ;
; N/A   ; None         ; 2.373 ns   ; but3   ; y.W211  ; clock    ;
; N/A   ; None         ; 2.371 ns   ; but3   ; y.G     ; clock    ;
; N/A   ; None         ; 2.321 ns   ; but1   ; y.F     ; clock    ;
; N/A   ; None         ; 2.312 ns   ; but2   ; y.BW212 ; clock    ;
; N/A   ; None         ; 2.246 ns   ; but1   ; y.B     ; clock    ;
; N/A   ; None         ; 2.169 ns   ; but2   ; y.BG    ; clock    ;
; N/A   ; None         ; 2.168 ns   ; but2   ; y.BW3   ; clock    ;
; N/A   ; None         ; 2.167 ns   ; but2   ; y.BW312 ; clock    ;
; N/A   ; None         ; 2.166 ns   ; but2   ; y.BW222 ; clock    ;
; N/A   ; None         ; 2.106 ns   ; but2   ; y.B     ; clock    ;
; N/A   ; None         ; 2.094 ns   ; but1   ; y.W221  ; clock    ;
; N/A   ; None         ; 2.030 ns   ; but3   ; y.BW212 ; clock    ;
; N/A   ; None         ; 1.986 ns   ; but3   ; y.A     ; clock    ;
; N/A   ; None         ; 1.967 ns   ; but2   ; y.W2    ; clock    ;
; N/A   ; None         ; 1.902 ns   ; but1   ; y.BD    ; clock    ;
; N/A   ; None         ; 1.887 ns   ; but3   ; y.BG    ; clock    ;
; N/A   ; None         ; 1.886 ns   ; but3   ; y.BW3   ; clock    ;
; N/A   ; None         ; 1.885 ns   ; but3   ; y.BW312 ; clock    ;
; N/A   ; None         ; 1.884 ns   ; but3   ; y.BW222 ; clock    ;
; N/A   ; None         ; 1.877 ns   ; but1   ; y.W311  ; clock    ;
; N/A   ; None         ; 1.682 ns   ; but3   ; y.W2    ; clock    ;
; N/A   ; None         ; 1.640 ns   ; but1   ; y.W21   ; clock    ;
; N/A   ; None         ; 1.564 ns   ; but2   ; y.C     ; clock    ;
; N/A   ; None         ; 1.554 ns   ; but2   ; y.BD    ; clock    ;
; N/A   ; None         ; 1.531 ns   ; but2   ; y.W221  ; clock    ;
; N/A   ; None         ; 1.526 ns   ; but2   ; y.W311  ; clock    ;
; N/A   ; None         ; 1.509 ns   ; but1   ; y.D     ; clock    ;
; N/A   ; None         ; 1.502 ns   ; but2   ; y.F     ; clock    ;
; N/A   ; None         ; 1.219 ns   ; but3   ; y.C     ; clock    ;
; N/A   ; None         ; 1.217 ns   ; but3   ; y.F     ; clock    ;
; N/A   ; None         ; 1.161 ns   ; but2   ; y.D     ; clock    ;
; N/A   ; None         ; 1.149 ns   ; but3   ; y.E     ; clock    ;
; N/A   ; None         ; 1.030 ns   ; but2   ; y.E     ; clock    ;
; N/A   ; None         ; 1.030 ns   ; but3   ; y.BD    ; clock    ;
; N/A   ; None         ; 1.011 ns   ; but3   ; y.W221  ; clock    ;
; N/A   ; None         ; 1.006 ns   ; but3   ; y.W311  ; clock    ;
; N/A   ; None         ; 0.923 ns   ; but1   ; y.E     ; clock    ;
; N/A   ; None         ; 0.675 ns   ; but2   ; y.W21   ; clock    ;
; N/A   ; None         ; 0.637 ns   ; but3   ; y.D     ; clock    ;
; N/A   ; None         ; -0.075 ns  ; but3   ; y.B     ; clock    ;
; N/A   ; None         ; -0.196 ns  ; but3   ; y.W21   ; clock    ;
+-------+--------------+------------+--------+---------+----------+


+----------------------------------------------------------------------------------------------------------------------------------------------+
; tco                                                                                                                                          ;
+-----------------------------------------+-----------------------------------------------------+------------+---------+----------+------------+
; Slack                                   ; Required tco                                        ; Actual tco ; From    ; To       ; From Clock ;
+-----------------------------------------+-----------------------------------------------------+------------+---------+----------+------------+
; N/A                                     ; None                                                ; 15.713 ns  ; y.B     ; segm4[1] ; clock      ;
; N/A                                     ; None                                                ; 15.436 ns  ; y.B     ; segm2[3] ; clock      ;
; N/A                                     ; None                                                ; 15.350 ns  ; y.C     ; segm4[1] ; clock      ;
; N/A                                     ; None                                                ; 15.277 ns  ; y.D     ; segm4[1] ; clock      ;
; N/A                                     ; None                                                ; 15.191 ns  ; y.E     ; segm4[1] ; clock      ;
; N/A                                     ; None                                                ; 15.169 ns  ; y.G     ; segm4[1] ; clock      ;
; N/A                                     ; None                                                ; 15.127 ns  ; y.B     ; segm3[2] ; clock      ;
; N/A                                     ; None                                                ; 15.095 ns  ; y.B     ; segm3[3] ; clock      ;
; N/A                                     ; None                                                ; 15.073 ns  ; y.C     ; segm2[3] ; clock      ;
; N/A                                     ; None                                                ; 14.965 ns  ; y.B     ; segm1[6] ; clock      ;
; N/A                                     ; None                                                ; 14.965 ns  ; y.B     ; segm1[4] ; clock      ;
; N/A                                     ; None                                                ; 14.939 ns  ; y.B     ; segm4[6] ; clock      ;
; N/A                                     ; None                                                ; 14.914 ns  ; y.E     ; segm2[3] ; clock      ;
; N/A                                     ; None                                                ; 14.765 ns  ; y.B     ; segm3[1] ; clock      ;
; N/A                                     ; None                                                ; 14.764 ns  ; y.C     ; segm3[2] ; clock      ;
; N/A                                     ; None                                                ; 14.762 ns  ; y.B     ; segm3[5] ; clock      ;
; N/A                                     ; None                                                ; 14.732 ns  ; y.C     ; segm3[3] ; clock      ;
; N/A                                     ; None                                                ; 14.659 ns  ; y.D     ; segm3[3] ; clock      ;
; N/A                                     ; None                                                ; 14.605 ns  ; y.E     ; segm3[2] ; clock      ;
; N/A                                     ; None                                                ; 14.602 ns  ; y.C     ; segm1[6] ; clock      ;
; N/A                                     ; None                                                ; 14.602 ns  ; y.C     ; segm1[4] ; clock      ;
; N/A                                     ; None                                                ; 14.576 ns  ; y.C     ; segm4[6] ; clock      ;
; N/A                                     ; None                                                ; 14.573 ns  ; y.E     ; segm3[3] ; clock      ;
; N/A                                     ; None                                                ; 14.551 ns  ; y.G     ; segm3[3] ; clock      ;
; N/A                                     ; None                                                ; 14.443 ns  ; y.E     ; segm1[6] ; clock      ;
; N/A                                     ; None                                                ; 14.443 ns  ; y.E     ; segm1[4] ; clock      ;
; N/A                                     ; None                                                ; 14.417 ns  ; y.E     ; segm4[6] ; clock      ;
; N/A                                     ; None                                                ; 14.402 ns  ; y.C     ; segm3[1] ; clock      ;
; N/A                                     ; None                                                ; 14.399 ns  ; y.C     ; segm3[5] ; clock      ;
; N/A                                     ; None                                                ; 14.371 ns  ; y.A     ; segm4[1] ; clock      ;
; N/A                                     ; None                                                ; 14.363 ns  ; y.W221  ; segm4[1] ; clock      ;
; N/A                                     ; None                                                ; 14.329 ns  ; y.D     ; segm3[1] ; clock      ;
; N/A                                     ; None                                                ; 14.326 ns  ; y.D     ; segm3[5] ; clock      ;
; N/A                                     ; None                                                ; 14.243 ns  ; y.E     ; segm3[1] ; clock      ;
; N/A                                     ; None                                                ; 14.240 ns  ; y.E     ; segm3[5] ; clock      ;
; N/A                                     ; None                                                ; 14.228 ns  ; y.BW222 ; segm4[1] ; clock      ;
; N/A                                     ; None                                                ; 14.221 ns  ; y.G     ; segm3[1] ; clock      ;
; N/A                                     ; None                                                ; 14.218 ns  ; y.G     ; segm3[5] ; clock      ;
; N/A                                     ; None                                                ; 14.108 ns  ; y.B     ; segm3[4] ; clock      ;
; N/A                                     ; None                                                ; 14.067 ns  ; y.BD    ; segm2[3] ; clock      ;
; N/A                                     ; None                                                ; 14.021 ns  ; y.B     ; segm1[5] ; clock      ;
; N/A                                     ; None                                                ; 13.960 ns  ; y.W221  ; segm4[6] ; clock      ;
; N/A                                     ; None                                                ; 13.931 ns  ; y.D     ; segm4[2] ; clock      ;
; N/A                                     ; None                                                ; 13.912 ns  ; y.B     ; segm4[2] ; clock      ;
; N/A                                     ; None                                                ; 13.908 ns  ; y.F     ; segm3[4] ; clock      ;
; N/A                                     ; None                                                ; 13.858 ns  ; y.W21   ; segm3[2] ; clock      ;
; N/A                                     ; None                                                ; 13.837 ns  ; y.D     ; segm2[4] ; clock      ;
; N/A                                     ; None                                                ; 13.825 ns  ; y.BW222 ; segm4[6] ; clock      ;
; N/A                                     ; None                                                ; 13.823 ns  ; y.G     ; segm4[2] ; clock      ;
; N/A                                     ; None                                                ; 13.818 ns  ; y.B     ; segm2[4] ; clock      ;
; N/A                                     ; None                                                ; 13.808 ns  ; y.F     ; segm3[2] ; clock      ;
; N/A                                     ; None                                                ; 13.796 ns  ; y.W221  ; segm4[5] ; clock      ;
; N/A                                     ; None                                                ; 13.779 ns  ; y.W221  ; segm3[2] ; clock      ;
; N/A                                     ; None                                                ; 13.778 ns  ; y.B     ; segm4[3] ; clock      ;
; N/A                                     ; None                                                ; 13.768 ns  ; y.F     ; segm3[6] ; clock      ;
; N/A                                     ; None                                                ; 13.753 ns  ; y.A     ; segm3[3] ; clock      ;
; N/A                                     ; None                                                ; 13.745 ns  ; y.C     ; segm3[4] ; clock      ;
; N/A                                     ; None                                                ; 13.745 ns  ; y.W221  ; segm3[3] ; clock      ;
; N/A                                     ; None                                                ; 13.734 ns  ; y.BD    ; segm4[1] ; clock      ;
; N/A                                     ; None                                                ; 13.729 ns  ; y.G     ; segm2[4] ; clock      ;
; N/A                                     ; None                                                ; 13.720 ns  ; y.F     ; segm2[1] ; clock      ;
; N/A                                     ; None                                                ; 13.714 ns  ; y.BW212 ; segm4[1] ; clock      ;
; N/A                                     ; None                                                ; 13.703 ns  ; y.W211  ; segm4[1] ; clock      ;
; N/A                                     ; None                                                ; 13.674 ns  ; y.BW312 ; segm4[2] ; clock      ;
; N/A                                     ; None                                                ; 13.661 ns  ; y.BW222 ; segm4[5] ; clock      ;
; N/A                                     ; None                                                ; 13.658 ns  ; y.C     ; segm1[5] ; clock      ;
; N/A                                     ; None                                                ; 13.644 ns  ; y.BW222 ; segm3[2] ; clock      ;
; N/A                                     ; None                                                ; 13.610 ns  ; y.BW222 ; segm3[3] ; clock      ;
; N/A                                     ; None                                                ; 13.586 ns  ; y.E     ; segm3[4] ; clock      ;
; N/A                                     ; None                                                ; 13.549 ns  ; y.C     ; segm4[2] ; clock      ;
; N/A                                     ; None                                                ; 13.525 ns  ; y.D     ; segm2[0] ; clock      ;
; N/A                                     ; None                                                ; 13.506 ns  ; y.B     ; segm2[0] ; clock      ;
; N/A                                     ; None                                                ; 13.499 ns  ; y.E     ; segm1[5] ; clock      ;
; N/A                                     ; None                                                ; 13.457 ns  ; y.A     ; segm4[2] ; clock      ;
; N/A                                     ; None                                                ; 13.455 ns  ; y.C     ; segm2[4] ; clock      ;
; N/A                                     ; None                                                ; 13.423 ns  ; y.A     ; segm3[1] ; clock      ;
; N/A                                     ; None                                                ; 13.420 ns  ; y.A     ; segm3[5] ; clock      ;
; N/A                                     ; None                                                ; 13.420 ns  ; y.F     ; segm2[2] ; clock      ;
; N/A                                     ; None                                                ; 13.418 ns  ; y.W311  ; segm4[2] ; clock      ;
; N/A                                     ; None                                                ; 13.417 ns  ; y.G     ; segm2[0] ; clock      ;
; N/A                                     ; None                                                ; 13.415 ns  ; y.C     ; segm4[3] ; clock      ;
; N/A                                     ; None                                                ; 13.415 ns  ; y.W221  ; segm3[1] ; clock      ;
; N/A                                     ; None                                                ; 13.412 ns  ; y.W221  ; segm3[5] ; clock      ;
; N/A                                     ; None                                                ; 13.390 ns  ; y.E     ; segm4[2] ; clock      ;
; N/A                                     ; None                                                ; 13.363 ns  ; y.A     ; segm2[4] ; clock      ;
; N/A                                     ; None                                                ; 13.348 ns  ; y.F     ; segm4[1] ; clock      ;
; N/A                                     ; None                                                ; 13.311 ns  ; y.BW212 ; segm4[6] ; clock      ;
; N/A                                     ; None                                                ; 13.300 ns  ; y.W211  ; segm4[6] ; clock      ;
; N/A                                     ; None                                                ; 13.296 ns  ; y.E     ; segm2[4] ; clock      ;
; N/A                                     ; None                                                ; 13.295 ns  ; y.BW312 ; segm3[0] ; clock      ;
; N/A                                     ; None                                                ; 13.280 ns  ; y.BW222 ; segm3[1] ; clock      ;
; N/A                                     ; None                                                ; 13.277 ns  ; y.BW222 ; segm3[5] ; clock      ;
; N/A                                     ; None                                                ; 13.264 ns  ; y.D     ; segm3[0] ; clock      ;
; N/A                                     ; None                                                ; 13.256 ns  ; y.E     ; segm4[3] ; clock      ;
; N/A                                     ; None                                                ; 13.245 ns  ; y.B     ; segm3[0] ; clock      ;
; N/A                                     ; None                                                ; 13.217 ns  ; y.B     ; segm2[1] ; clock      ;
; N/A                                     ; None                                                ; 13.204 ns  ; y.W222  ; segm3[2] ; clock      ;
; N/A                                     ; None                                                ; 13.195 ns  ; y.B     ; segm4[4] ; clock      ;
; N/A                                     ; None                                                ; 13.191 ns  ; y.F     ; segm2[5] ; clock      ;
; N/A                                     ; None                                                ; 13.156 ns  ; y.G     ; segm3[0] ; clock      ;
; N/A                                     ; None                                                ; 13.154 ns  ; y.F     ; segm3[1] ; clock      ;
; N/A                                     ; None                                                ; 13.148 ns  ; y.BD    ; segm3[2] ; clock      ;
; N/A                                     ; None                                                ; 13.147 ns  ; y.BW212 ; segm4[5] ; clock      ;
; N/A                                     ; None                                                ; 13.143 ns  ; y.C     ; segm2[0] ; clock      ;
; N/A                                     ; None                                                ; 13.136 ns  ; y.W211  ; segm4[5] ; clock      ;
; N/A                                     ; None                                                ; 13.135 ns  ; y.W21   ; segm4[1] ; clock      ;
; N/A                                     ; None                                                ; 13.130 ns  ; y.BW212 ; segm3[2] ; clock      ;
; N/A                                     ; None                                                ; 13.119 ns  ; y.W211  ; segm3[2] ; clock      ;
; N/A                                     ; None                                                ; 13.118 ns  ; y.BG    ; segm3[4] ; clock      ;
; N/A                                     ; None                                                ; 13.116 ns  ; y.BD    ; segm3[3] ; clock      ;
; N/A                                     ; None                                                ; 13.096 ns  ; y.BW212 ; segm3[3] ; clock      ;
; N/A                                     ; None                                                ; 13.085 ns  ; y.W211  ; segm3[3] ; clock      ;
; N/A                                     ; None                                                ; 13.078 ns  ; y.BD    ; segm3[4] ; clock      ;
; N/A                                     ; None                                                ; 13.071 ns  ; y.F     ; segm2[3] ; clock      ;
; N/A                                     ; None                                                ; 13.052 ns  ; y.BW312 ; segm4[1] ; clock      ;
; N/A                                     ; None                                                ; 13.051 ns  ; y.A     ; segm2[0] ; clock      ;
; N/A                                     ; None                                                ; 13.039 ns  ; y.W311  ; segm3[0] ; clock      ;
; N/A                                     ; None                                                ; 13.018 ns  ; y.BG    ; segm3[2] ; clock      ;
; N/A                                     ; None                                                ; 13.015 ns  ; y.BW312 ; segm4[5] ; clock      ;
; N/A                                     ; None                                                ; 12.986 ns  ; y.BD    ; segm1[6] ; clock      ;
; N/A                                     ; None                                                ; 12.986 ns  ; y.BD    ; segm1[4] ; clock      ;
; N/A                                     ; None                                                ; 12.984 ns  ; y.E     ; segm2[0] ; clock      ;
; N/A                                     ; None                                                ; 12.983 ns  ; y.W311  ; segm4[1] ; clock      ;
; N/A                                     ; None                                                ; 12.978 ns  ; y.BG    ; segm3[6] ; clock      ;
; N/A                                     ; None                                                ; 12.960 ns  ; y.BD    ; segm4[6] ; clock      ;
; N/A                                     ; None                                                ; 12.938 ns  ; y.BD    ; segm3[6] ; clock      ;
; N/A                                     ; None                                                ; 12.933 ns  ; y.W212  ; segm3[2] ; clock      ;
; N/A                                     ; None                                                ; 12.930 ns  ; y.BG    ; segm2[1] ; clock      ;
; N/A                                     ; None                                                ; 12.900 ns  ; y.BD    ; segm4[2] ; clock      ;
; N/A                                     ; None                                                ; 12.890 ns  ; y.BD    ; segm2[1] ; clock      ;
; N/A                                     ; None                                                ; 12.882 ns  ; y.C     ; segm3[0] ; clock      ;
; N/A                                     ; None                                                ; 12.876 ns  ; y.F     ; segm3[3] ; clock      ;
; N/A                                     ; None                                                ; 12.874 ns  ; y.B     ; segm4[0] ; clock      ;
; N/A                                     ; None                                                ; 12.854 ns  ; y.C     ; segm2[1] ; clock      ;
; N/A                                     ; None                                                ; 12.849 ns  ; y.T     ; segm4[1] ; clock      ;
; N/A                                     ; None                                                ; 12.832 ns  ; y.C     ; segm4[4] ; clock      ;
; N/A                                     ; None                                                ; 12.806 ns  ; y.BD    ; segm2[4] ; clock      ;
; N/A                                     ; None                                                ; 12.804 ns  ; y.F     ; segm4[2] ; clock      ;
; N/A                                     ; None                                                ; 12.790 ns  ; y.A     ; segm3[0] ; clock      ;
; N/A                                     ; None                                                ; 12.786 ns  ; y.BD    ; segm3[1] ; clock      ;
; N/A                                     ; None                                                ; 12.783 ns  ; y.BD    ; segm3[5] ; clock      ;
; N/A                                     ; None                                                ; 12.766 ns  ; y.BW212 ; segm3[1] ; clock      ;
; N/A                                     ; None                                                ; 12.763 ns  ; y.BW212 ; segm3[5] ; clock      ;
; N/A                                     ; None                                                ; 12.759 ns  ; y.W311  ; segm4[5] ; clock      ;
; N/A                                     ; None                                                ; 12.755 ns  ; y.W211  ; segm3[1] ; clock      ;
; N/A                                     ; None                                                ; 12.752 ns  ; y.W211  ; segm3[5] ; clock      ;
; N/A                                     ; None                                                ; 12.732 ns  ; y.W21   ; segm4[6] ; clock      ;
; N/A                                     ; None                                                ; 12.731 ns  ; y.BW212 ; segm2[3] ; clock      ;
; N/A                                     ; None                                                ; 12.723 ns  ; y.E     ; segm3[0] ; clock      ;
; N/A                                     ; None                                                ; 12.714 ns  ; y.W221  ; segm4[0] ; clock      ;
; N/A                                     ; None                                                ; 12.710 ns  ; y.F     ; segm2[4] ; clock      ;
; N/A                                     ; None                                                ; 12.695 ns  ; y.E     ; segm2[1] ; clock      ;
; N/A                                     ; None                                                ; 12.679 ns  ; y.A     ; segm3[4] ; clock      ;
; N/A                                     ; None                                                ; 12.673 ns  ; y.E     ; segm4[4] ; clock      ;
; N/A                                     ; None                                                ; 12.630 ns  ; y.BG    ; segm2[2] ; clock      ;
; N/A                                     ; None                                                ; 12.628 ns  ; y.W21   ; segm3[1] ; clock      ;
; N/A                                     ; None                                                ; 12.600 ns  ; y.F     ; segm1[6] ; clock      ;
; N/A                                     ; None                                                ; 12.600 ns  ; y.F     ; segm1[4] ; clock      ;
; N/A                                     ; None                                                ; 12.591 ns  ; y.D     ; segm3[4] ; clock      ;
; N/A                                     ; None                                                ; 12.590 ns  ; y.C     ; segm3[6] ; clock      ;
; N/A                                     ; None                                                ; 12.590 ns  ; y.BD    ; segm2[2] ; clock      ;
; N/A                                     ; None                                                ; 12.579 ns  ; y.BW222 ; segm4[0] ; clock      ;
; N/A                                     ; None                                                ; 12.574 ns  ; y.F     ; segm4[6] ; clock      ;
; N/A                                     ; None                                                ; 12.568 ns  ; y.W21   ; segm4[5] ; clock      ;
; N/A                                     ; None                                                ; 12.543 ns  ; y.W2    ; segm4[2] ; clock      ;
; N/A                                     ; None                                                ; 12.539 ns  ; y.A     ; segm3[6] ; clock      ;
; N/A                                     ; None                                                ; 12.518 ns  ; y.D     ; segm4[0] ; clock      ;
; N/A                                     ; None                                                ; 12.517 ns  ; y.W21   ; segm3[3] ; clock      ;
; N/A                                     ; None                                                ; 12.511 ns  ; y.C     ; segm4[0] ; clock      ;
; N/A                                     ; None                                                ; 12.510 ns  ; y.W21   ; segm3[4] ; clock      ;
; N/A                                     ; None                                                ; 12.498 ns  ; y.B     ; segm3[6] ; clock      ;
; N/A                                     ; None                                                ; 12.494 ns  ; y.BW312 ; segm3[2] ; clock      ;
; N/A                                     ; None                                                ; 12.494 ns  ; y.BD    ; segm2[0] ; clock      ;
; N/A                                     ; None                                                ; 12.491 ns  ; y.A     ; segm2[1] ; clock      ;
; N/A                                     ; None                                                ; 12.462 ns  ; y.W212  ; segm4[1] ; clock      ;
; N/A                                     ; None                                                ; 12.452 ns  ; y.D     ; segm2[6] ; clock      ;
; N/A                                     ; None                                                ; 12.451 ns  ; y.D     ; segm3[6] ; clock      ;
; N/A                                     ; None                                                ; 12.450 ns  ; y.T     ; segm3[1] ; clock      ;
; N/A                                     ; None                                                ; 12.436 ns  ; y.W212  ; segm2[6] ; clock      ;
; N/A                                     ; None                                                ; 12.434 ns  ; y.BW312 ; segm3[3] ; clock      ;
; N/A                                     ; None                                                ; 12.419 ns  ; y.A     ; segm4[0] ; clock      ;
; N/A                                     ; None                                                ; 12.410 ns  ; y.G     ; segm4[0] ; clock      ;
; N/A                                     ; None                                                ; 12.408 ns  ; y.BW222 ; segm2[6] ; clock      ;
; N/A                                     ; None                                                ; 12.403 ns  ; y.D     ; segm2[1] ; clock      ;
; N/A                                     ; None                                                ; 12.401 ns  ; y.BG    ; segm2[5] ; clock      ;
; N/A                                     ; None                                                ; 12.398 ns  ; y.F     ; segm2[0] ; clock      ;
; N/A                                     ; None                                                ; 12.397 ns  ; y.D     ; segm4[6] ; clock      ;
; N/A                                     ; None                                                ; 12.397 ns  ; y.F     ; segm3[5] ; clock      ;
; N/A                                     ; None                                                ; 12.392 ns  ; y.W2    ; segm2[4] ; clock      ;
; N/A                                     ; None                                                ; 12.385 ns  ; y.W312  ; segm4[2] ; clock      ;
; N/A                                     ; None                                                ; 12.374 ns  ; y.T     ; segm3[4] ; clock      ;
; N/A                                     ; None                                                ; 12.370 ns  ; y.W21   ; segm3[6] ; clock      ;
; N/A                                     ; None                                                ; 12.365 ns  ; y.W311  ; segm3[3] ; clock      ;
; N/A                                     ; None                                                ; 12.364 ns  ; y.BG    ; segm3[1] ; clock      ;
; N/A                                     ; None                                                ; 12.361 ns  ; y.BD    ; segm2[5] ; clock      ;
; N/A                                     ; None                                                ; 12.359 ns  ; y.W221  ; segm2[3] ; clock      ;
; N/A                                     ; None                                                ; 12.352 ns  ; y.E     ; segm4[0] ; clock      ;
; N/A                                     ; None                                                ; 12.345 ns  ; y.F     ; segm2[6] ; clock      ;
; N/A                                     ; None                                                ; 12.344 ns  ; y.G     ; segm2[6] ; clock      ;
; N/A                                     ; None                                                ; 12.327 ns  ; y.BG    ; segm4[1] ; clock      ;
; Timing analysis restricted to 200 rows. ; To change the limit use Settings (Assignments menu) ;            ;         ;          ;            ;
+-----------------------------------------+-----------------------------------------------------+------------+---------+----------+------------+


+------------------------------------------------------------+
; tpd                                                        ;
+-------+-------------------+-----------------+------+-------+
; Slack ; Required P2P Time ; Actual P2P Time ; From ; To    ;
+-------+-------------------+-----------------+------+-------+
; N/A   ; None              ; 8.931 ns        ; pB   ; LedPB ;
+-------+-------------------+-----------------+------+-------+


+-----------------------------------------------------------------------+
; th                                                                    ;
+---------------+-------------+-----------+--------+---------+----------+
; Minimum Slack ; Required th ; Actual th ; From   ; To      ; To Clock ;
+---------------+-------------+-----------+--------+---------+----------+
; N/A           ; None        ; 0.444 ns  ; but3   ; y.W21   ; clock    ;
; N/A           ; None        ; 0.323 ns  ; but3   ; y.B     ; clock    ;
; N/A           ; None        ; -0.388 ns ; but3   ; y.W311  ; clock    ;
; N/A           ; None        ; -0.389 ns ; but3   ; y.D     ; clock    ;
; N/A           ; None        ; -0.427 ns ; but2   ; y.W21   ; clock    ;
; N/A           ; None        ; -0.495 ns ; but3   ; y.A     ; clock    ;
; N/A           ; None        ; -0.675 ns ; but2   ; y.W311  ; clock    ;
; N/A           ; None        ; -0.675 ns ; but1   ; y.E     ; clock    ;
; N/A           ; None        ; -0.737 ns ; but3   ; y.W221  ; clock    ;
; N/A           ; None        ; -0.746 ns ; but1   ; y.A     ; clock    ;
; N/A           ; None        ; -0.782 ns ; but2   ; y.E     ; clock    ;
; N/A           ; None        ; -0.782 ns ; but3   ; y.BD    ; clock    ;
; N/A           ; None        ; -0.901 ns ; but3   ; y.E     ; clock    ;
; N/A           ; None        ; -0.913 ns ; but2   ; y.D     ; clock    ;
; N/A           ; None        ; -0.969 ns ; but3   ; y.F     ; clock    ;
; N/A           ; None        ; -0.971 ns ; but3   ; y.C     ; clock    ;
; N/A           ; None        ; -1.024 ns ; but2   ; y.W221  ; clock    ;
; N/A           ; None        ; -1.101 ns ; but2   ; y.A     ; clock    ;
; N/A           ; None        ; -1.254 ns ; but2   ; y.F     ; clock    ;
; N/A           ; None        ; -1.261 ns ; but1   ; y.D     ; clock    ;
; N/A           ; None        ; -1.306 ns ; but2   ; y.BD    ; clock    ;
; N/A           ; None        ; -1.316 ns ; but2   ; y.C     ; clock    ;
; N/A           ; None        ; -1.392 ns ; but1   ; y.W21   ; clock    ;
; N/A           ; None        ; -1.414 ns ; but3   ; y.W211  ; clock    ;
; N/A           ; None        ; -1.417 ns ; but3   ; y.W2    ; clock    ;
; N/A           ; None        ; -1.497 ns ; but1   ; y.W311  ; clock    ;
; N/A           ; None        ; -1.634 ns ; but1   ; y.W221  ; clock    ;
; N/A           ; None        ; -1.636 ns ; but3   ; y.BW222 ; clock    ;
; N/A           ; None        ; -1.637 ns ; but3   ; y.BW312 ; clock    ;
; N/A           ; None        ; -1.638 ns ; but3   ; y.BW3   ; clock    ;
; N/A           ; None        ; -1.639 ns ; but3   ; y.BG    ; clock    ;
; N/A           ; None        ; -1.654 ns ; but1   ; y.BD    ; clock    ;
; N/A           ; None        ; -1.704 ns ; but2   ; y.W2    ; clock    ;
; N/A           ; None        ; -1.759 ns ; but2   ; y.W211  ; clock    ;
; N/A           ; None        ; -1.782 ns ; but3   ; y.BW212 ; clock    ;
; N/A           ; None        ; -1.858 ns ; but2   ; y.B     ; clock    ;
; N/A           ; None        ; -1.918 ns ; but2   ; y.BW222 ; clock    ;
; N/A           ; None        ; -1.919 ns ; but2   ; y.BW312 ; clock    ;
; N/A           ; None        ; -1.920 ns ; but2   ; y.BW3   ; clock    ;
; N/A           ; None        ; -1.921 ns ; but2   ; y.BG    ; clock    ;
; N/A           ; None        ; -1.998 ns ; but1   ; y.B     ; clock    ;
; N/A           ; None        ; -2.064 ns ; but2   ; y.BW212 ; clock    ;
; N/A           ; None        ; -2.073 ns ; but1   ; y.F     ; clock    ;
; N/A           ; None        ; -2.123 ns ; but3   ; y.G     ; clock    ;
; N/A           ; None        ; -2.140 ns ; but1   ; y.C     ; clock    ;
; N/A           ; None        ; -2.410 ns ; but2   ; y.G     ; clock    ;
; N/A           ; None        ; -2.526 ns ; but1   ; y.W2    ; clock    ;
; N/A           ; None        ; -2.583 ns ; but1   ; y.W211  ; clock    ;
; N/A           ; None        ; -2.747 ns ; but1   ; y.BW222 ; clock    ;
; N/A           ; None        ; -2.748 ns ; but1   ; y.BW312 ; clock    ;
; N/A           ; None        ; -2.749 ns ; but1   ; y.BW3   ; clock    ;
; N/A           ; None        ; -2.750 ns ; but1   ; y.BG    ; clock    ;
; N/A           ; None        ; -2.893 ns ; but1   ; y.BW212 ; clock    ;
; N/A           ; None        ; -3.232 ns ; but1   ; y.G     ; clock    ;
; N/A           ; None        ; -4.270 ns ; senseP ; y.W311  ; clock    ;
; N/A           ; None        ; -4.340 ns ; senseP ; y.B     ; clock    ;
; N/A           ; None        ; -4.619 ns ; senseP ; y.W221  ; clock    ;
; N/A           ; None        ; -4.622 ns ; senseP ; y.W212  ; clock    ;
; N/A           ; None        ; -4.625 ns ; senseP ; y.W312  ; clock    ;
; N/A           ; None        ; -4.629 ns ; senseP ; y.W222  ; clock    ;
; N/A           ; None        ; -4.632 ns ; senseP ; y.W3    ; clock    ;
; N/A           ; None        ; -4.747 ns ; pB     ; y.W3    ; clock    ;
; N/A           ; None        ; -4.747 ns ; pB     ; y.W222  ; clock    ;
; N/A           ; None        ; -4.748 ns ; pB     ; y.W312  ; clock    ;
; N/A           ; None        ; -4.752 ns ; pB     ; y.W212  ; clock    ;
; N/A           ; None        ; -4.767 ns ; PBG    ; y.G     ; clock    ;
; N/A           ; None        ; -4.834 ns ; PBD    ; y.A     ; clock    ;
; N/A           ; None        ; -4.847 ns ; senseP ; y.F     ; clock    ;
; N/A           ; None        ; -4.850 ns ; senseP ; y.BD    ; clock    ;
; N/A           ; None        ; -4.904 ns ; senseP ; y.C     ; clock    ;
; N/A           ; None        ; -4.914 ns ; PB2    ; y.T     ; clock    ;
; N/A           ; None        ; -4.988 ns ; pB     ; y.BG    ; clock    ;
; N/A           ; None        ; -5.191 ns ; senseP ; y.A     ; clock    ;
; N/A           ; None        ; -5.248 ns ; senseP ; y.T     ; clock    ;
; N/A           ; None        ; -5.299 ns ; senseP ; y.W2    ; clock    ;
; N/A           ; None        ; -5.347 ns ; senseP ; y.W211  ; clock    ;
; N/A           ; None        ; -5.363 ns ; senseP ; y.E     ; clock    ;
; N/A           ; None        ; -5.404 ns ; senseP ; y.W21   ; clock    ;
; N/A           ; None        ; -5.411 ns ; pB     ; y.D     ; clock    ;
; N/A           ; None        ; -5.415 ns ; PBD    ; y.D     ; clock    ;
; N/A           ; None        ; -5.524 ns ; senseP ; y.BW222 ; clock    ;
; N/A           ; None        ; -5.525 ns ; senseP ; y.BW312 ; clock    ;
; N/A           ; None        ; -5.526 ns ; senseP ; y.BW3   ; clock    ;
; N/A           ; None        ; -5.527 ns ; senseP ; y.BG    ; clock    ;
; N/A           ; None        ; -5.531 ns ; pB     ; y.BD    ; clock    ;
; N/A           ; None        ; -5.540 ns ; PB2    ; y.A     ; clock    ;
; N/A           ; None        ; -5.670 ns ; senseP ; y.BW212 ; clock    ;
; N/A           ; None        ; -6.005 ns ; senseP ; y.G     ; clock    ;
; N/A           ; None        ; -6.216 ns ; pB     ; y.BW212 ; clock    ;
; N/A           ; None        ; -6.253 ns ; pB     ; y.G     ; clock    ;
; N/A           ; None        ; -6.293 ns ; PBG    ; y.A     ; clock    ;
; N/A           ; None        ; -6.392 ns ; pB     ; y.BW312 ; clock    ;
; N/A           ; None        ; -6.394 ns ; pB     ; y.BW3   ; clock    ;
; N/A           ; None        ; -6.395 ns ; pB     ; y.BW222 ; clock    ;
+---------------+-------------+-----------+--------+---------+----------+


+--------------------------+
; Timing Analyzer Messages ;
+--------------------------+
Info: *******************************************************************
Info: Running Quartus II Classic Timing Analyzer
    Info: Version 9.1 Build 304 01/25/2010 Service Pack 1 SJ Web Edition
    Info: Processing started: Tue May 22 00:12:49 2018
Info: Command: quartus_tan --read_settings_files=off --write_settings_files=off myFinal -c myFinal --timing_analysis_only
Warning: Found pins functioning as undefined clocks and/or memory enables
    Info: Assuming node "clock" is an undefined clock
Info: Clock "clock" has Internal fmax of 359.45 MHz between source register "y.BD" and destination register "y.T" (period= 2.782 ns)
    Info: + Longest register to register delay is 2.533 ns
        Info: 1: + IC(0.000 ns) + CELL(0.000 ns) = 0.000 ns; Loc. = LCFF_X26_Y18_N27; Fanout = 13; REG Node = 'y.BD'
        Info: 2: + IC(1.274 ns) + CELL(0.322 ns) = 1.596 ns; Loc. = LCCOMB_X23_Y20_N28; Fanout = 1; COMB Node = 'Selector10~0'
        Info: 3: + IC(0.320 ns) + CELL(0.521 ns) = 2.437 ns; Loc. = LCCOMB_X23_Y20_N24; Fanout = 1; COMB Node = 'Selector10~2'
        Info: 4: + IC(0.000 ns) + CELL(0.096 ns) = 2.533 ns; Loc. = LCFF_X23_Y20_N25; Fanout = 15; REG Node = 'y.T'
        Info: Total cell delay = 0.939 ns ( 37.07 % )
        Info: Total interconnect delay = 1.594 ns ( 62.93 % )
    Info: - Smallest clock skew is -0.010 ns
        Info: + Shortest clock path from clock "clock" to destination register is 2.824 ns
            Info: 1: + IC(0.000 ns) + CELL(1.026 ns) = 1.026 ns; Loc. = PIN_A12; Fanout = 1; CLK Node = 'clock'
            Info: 2: + IC(0.232 ns) + CELL(0.000 ns) = 1.258 ns; Loc. = CLKCTRL_G10; Fanout = 24; COMB Node = 'clock~clkctrl'
            Info: 3: + IC(0.964 ns) + CELL(0.602 ns) = 2.824 ns; Loc. = LCFF_X23_Y20_N25; Fanout = 15; REG Node = 'y.T'
            Info: Total cell delay = 1.628 ns ( 57.65 % )
            Info: Total interconnect delay = 1.196 ns ( 42.35 % )
        Info: - Longest clock path from clock "clock" to source register is 2.834 ns
            Info: 1: + IC(0.000 ns) + CELL(1.026 ns) = 1.026 ns; Loc. = PIN_A12; Fanout = 1; CLK Node = 'clock'
            Info: 2: + IC(0.232 ns) + CELL(0.000 ns) = 1.258 ns; Loc. = CLKCTRL_G10; Fanout = 24; COMB Node = 'clock~clkctrl'
            Info: 3: + IC(0.974 ns) + CELL(0.602 ns) = 2.834 ns; Loc. = LCFF_X26_Y18_N27; Fanout = 13; REG Node = 'y.BD'
            Info: Total cell delay = 1.628 ns ( 57.45 % )
            Info: Total interconnect delay = 1.206 ns ( 42.55 % )
    Info: + Micro clock to output delay of source is 0.277 ns
    Info: + Micro setup delay of destination is -0.038 ns
Info: tsu for register "y.BW222" (data pin = "senseP", clock pin = "clock") is 6.802 ns
    Info: + Longest pin to register delay is 9.664 ns
        Info: 1: + IC(0.000 ns) + CELL(0.863 ns) = 0.863 ns; Loc. = PIN_A13; Fanout = 19; PIN Node = 'senseP'
        Info: 2: + IC(6.485 ns) + CELL(0.427 ns) = 7.775 ns; Loc. = LCCOMB_X26_Y18_N4; Fanout = 4; COMB Node = 'Selector13~0'
        Info: 3: + IC(1.248 ns) + CELL(0.545 ns) = 9.568 ns; Loc. = LCCOMB_X22_Y20_N0; Fanout = 1; COMB Node = 'Selector20~0'
        Info: 4: + IC(0.000 ns) + CELL(0.096 ns) = 9.664 ns; Loc. = LCFF_X22_Y20_N1; Fanout = 6; REG Node = 'y.BW222'
        Info: Total cell delay = 1.931 ns ( 19.98 % )
        Info: Total interconnect delay = 7.733 ns ( 80.02 % )
    Info: + Micro setup delay of destination is -0.038 ns
    Info: - Shortest clock path from clock "clock" to destination register is 2.824 ns
        Info: 1: + IC(0.000 ns) + CELL(1.026 ns) = 1.026 ns; Loc. = PIN_A12; Fanout = 1; CLK Node = 'clock'
        Info: 2: + IC(0.232 ns) + CELL(0.000 ns) = 1.258 ns; Loc. = CLKCTRL_G10; Fanout = 24; COMB Node = 'clock~clkctrl'
        Info: 3: + IC(0.964 ns) + CELL(0.602 ns) = 2.824 ns; Loc. = LCFF_X22_Y20_N1; Fanout = 6; REG Node = 'y.BW222'
        Info: Total cell delay = 1.628 ns ( 57.65 % )
        Info: Total interconnect delay = 1.196 ns ( 42.35 % )
Info: tco from clock "clock" to destination pin "segm4[1]" through register "y.B" is 15.713 ns
    Info: + Longest clock path from clock "clock" to source register is 2.834 ns
        Info: 1: + IC(0.000 ns) + CELL(1.026 ns) = 1.026 ns; Loc. = PIN_A12; Fanout = 1; CLK Node = 'clock'
        Info: 2: + IC(0.232 ns) + CELL(0.000 ns) = 1.258 ns; Loc. = CLKCTRL_G10; Fanout = 24; COMB Node = 'clock~clkctrl'
        Info: 3: + IC(0.974 ns) + CELL(0.602 ns) = 2.834 ns; Loc. = LCFF_X27_Y18_N7; Fanout = 11; REG Node = 'y.B'
        Info: Total cell delay = 1.628 ns ( 57.45 % )
        Info: Total interconnect delay = 1.206 ns ( 42.55 % )
    Info: + Micro clock to output delay of source is 0.277 ns
    Info: + Longest register to pin delay is 12.602 ns
        Info: 1: + IC(0.000 ns) + CELL(0.000 ns) = 0.000 ns; Loc. = LCFF_X27_Y18_N7; Fanout = 11; REG Node = 'y.B'
        Info: 2: + IC(1.507 ns) + CELL(0.455 ns) = 1.962 ns; Loc. = LCCOMB_X26_Y19_N24; Fanout = 9; COMB Node = 'LedG~0'
        Info: 3: + IC(1.506 ns) + CELL(0.542 ns) = 4.010 ns; Loc. = LCCOMB_X23_Y20_N12; Fanout = 6; COMB Node = 'segm4[0]~0'
        Info: 4: + IC(1.487 ns) + CELL(0.178 ns) = 5.675 ns; Loc. = LCCOMB_X26_Y19_N30; Fanout = 4; COMB Node = 'segm4[1]~5'
        Info: 5: + IC(1.129 ns) + CELL(0.322 ns) = 7.126 ns; Loc. = LCCOMB_X25_Y20_N22; Fanout = 1; COMB Node = 'segm4[1]~9'
        Info: 6: + IC(2.461 ns) + CELL(3.015 ns) = 12.602 ns; Loc. = PIN_D5; Fanout = 0; PIN Node = 'segm4[1]'
        Info: Total cell delay = 4.512 ns ( 35.80 % )
        Info: Total interconnect delay = 8.090 ns ( 64.20 % )
Info: Longest tpd from source pin "pB" to destination pin "LedPB" is 8.931 ns
    Info: 1: + IC(0.000 ns) + CELL(0.864 ns) = 0.864 ns; Loc. = PIN_R22; Fanout = 10; PIN Node = 'pB'
    Info: 2: + IC(5.197 ns) + CELL(2.870 ns) = 8.931 ns; Loc. = PIN_Y21; Fanout = 0; PIN Node = 'LedPB'
    Info: Total cell delay = 3.734 ns ( 41.81 % )
    Info: Total interconnect delay = 5.197 ns ( 58.19 % )
Info: th for register "y.W21" (data pin = "but3", clock pin = "clock") is 0.444 ns
    Info: + Longest clock path from clock "clock" to destination register is 2.834 ns
        Info: 1: + IC(0.000 ns) + CELL(1.026 ns) = 1.026 ns; Loc. = PIN_A12; Fanout = 1; CLK Node = 'clock'
        Info: 2: + IC(0.232 ns) + CELL(0.000 ns) = 1.258 ns; Loc. = CLKCTRL_G10; Fanout = 24; COMB Node = 'clock~clkctrl'
        Info: 3: + IC(0.974 ns) + CELL(0.602 ns) = 2.834 ns; Loc. = LCFF_X26_Y18_N13; Fanout = 13; REG Node = 'y.W21'
        Info: Total cell delay = 1.628 ns ( 57.45 % )
        Info: Total interconnect delay = 1.206 ns ( 42.55 % )
    Info: + Micro hold delay of destination is 0.286 ns
    Info: - Shortest pin to register delay is 2.676 ns
        Info: 1: + IC(0.000 ns) + CELL(1.006 ns) = 1.006 ns; Loc. = PIN_V12; Fanout = 11; PIN Node = 'but3'
        Info: 2: + IC(1.396 ns) + CELL(0.178 ns) = 2.580 ns; Loc. = LCCOMB_X26_Y18_N12; Fanout = 1; COMB Node = 'Selector15~2'
        Info: 3: + IC(0.000 ns) + CELL(0.096 ns) = 2.676 ns; Loc. = LCFF_X26_Y18_N13; Fanout = 13; REG Node = 'y.W21'
        Info: Total cell delay = 1.280 ns ( 47.83 % )
        Info: Total interconnect delay = 1.396 ns ( 52.17 % )
Info: Quartus II Classic Timing Analyzer was successful. 0 errors, 1 warning
    Info: Peak virtual memory: 176 megabytes
    Info: Processing ended: Tue May 22 00:12:50 2018
    Info: Elapsed time: 00:00:01
    Info: Total CPU time (on all processors): 00:00:01


